continuous trait values:
{'Abylopsis_eschscholtzi_translation': 517,
 'Aequorea_coerulescens_AY151052_translation': 610,
 'Anthoathecata_translation': 571,
 'Heteractis_crispa_AF420592_translation': 500,
 'Obelia_1_translation': 499,
 'Obelia_2_translation': 515,
 '_Amacrodac': 496,
 '_Avictoria': 508,
 '_Clavula': 483,
 '_Rflo': 574,
 '_alajGFP1': 517,
 '_alajGFP2': 517,
 '_alajGFP3': 504,
 '_amajCyFP': 486,
 '_asulCP': 610,
 '_asulGFP': 499,
 '_ccalGFP3': 517,
 '_ccalOFP1': 561,
 '_ccalRFP1': 598,
 '_ccalRFP2': 587,
 '_ccalYFP1': 523,
 '_ceriOFP': 565,
 '_clytiaGFP': 500,
 '_dendRFP': 506,
 '_dis2RFP': 593,
 '_discRFP': 583,
 '_dstrCyFP': 484,
 '_equaRFP': 611,
 '_gtenCP': 610,
 '_lhemRFP': 581,
 '_mcavCyFP': 474,
 '_mcavGFP2': 515,
 '_mcavRFP': 580,
 '_ptilGFP': 508,
 '_rfloGFP': 518,
 '_rfloRFP': 574,
 '_rmueGFP': 506,
 '_rrenGFP': 508,
 '_scubGFP1': 506,
 '_scubRFP1': 576,
 '_tgeoRFP': 582,
 '_zoanGFP': 506,
 '_zoanRFP': 576,
 '_zoanYFP': 538,
 'amphGFP': 524,
 'anm1GFP1': 495,
 'anm1GFP2': 504,
 'anm2CP': 610,
 'dfGFP': 524,
 'equaOFP': 578,
 'laesGFP': 502,
 'lanYFP': 524,
 'montCP': 610,
 'pdae1GFP': 502,
 'phiYFP': 537,
 'pmeaGFP1': 502,
 'pmeaGFP2': 502,
 'ppluGFP1': 502,
 'ppluGFP2': 502,
 'pporGFP': 507,
 'pporRFP': 595,
 'vecoOFP': 561}
~~~ convergent scenario 1/3 ~~~
trait cutoff = 478.0
2019-01-15 20:44:12,637 - INFO - alignment: example/FPs_data/seq/FPs_62genes_MAFFT.fasta
2019-01-15 20:44:12,697 - INFO - Alphabet usage:
-(76.32%), A(1.01%), C(0.42%), E(1.52%), D(1.28%), G(2.24%), F(1.38%), I(1.21%), H(0.85%), K(1.83%), M(0.85%), L(1.47%), N(1.02%), Q(0.74%), P(1.20%), S(1.30%), R(0.82%), T(1.58%), W(0.20%), V(1.60%), Y(1.13%), X(0.04%) 
2019-01-15 20:44:12,697 - INFO - alignment ok after checking
2019-01-15 20:44:12,698 - INFO - tree: example/FPs_data/tree/RAxML_bipartitions.FPs_62genes_MAFFT-gblocks-raxML-ultram.tree
2019-01-15 20:44:12,714 - INFO - tree ok after checking
2019-01-15 20:44:12,715 - INFO - Sequence and leaf names match.
Traceback (most recent call last):
  File "/usr/local/bin/pcoc_det.py", line 667, in <module>
    mk_detect(tree_filename, ali_basename, OutDirName)
  File "/usr/local/bin/pcoc_det.py", line 482, in mk_detect
    bpp_lib.make_estim(ali_basename, e1, e2, g_tree, NBCATest=NbCat_Est, suffix="_withOneChange",  OneChange = True, ext="", max_gap_allowed=args.max_gap_allowed, gamma=args.gamma, inv_gamma=args.inv_gamma)
  File "/usr/local/bin/bpp_lib.py", line 173, in make_estim
    if not os.path.isfile(fasta_file):
  File "/usr/lib/python2.7/genericpath.py", line 37, in isfile
    st = os.stat(path)
KeyboardInterrupt
